0 info it worked if it ends with ok
1 verbose cli [ 'C:\\Program Files\\nodejs\\node.exe',
1 verbose cli   'C:\\Program Files\\nodejs\\node_modules\\npm\\bin\\npm-cli.js',
1 verbose cli   'install',
1 verbose cli   '–save-dev',
1 verbose cli   'gulp-babel' ]
2 info using npm@2.14.4
3 info using node@v4.1.1
4 verbose install initial load of C:\Users\Administrator\Desktop\task\package.json
5 warn package.json angular-cms@1.0.0 bugs.url field must be a string url. Deleted.
6 warn package.json angular-cms@1.0.0 Normalized value of bugs field is an empty object. Deleted.
7 verbose installManyTop reading scoped package data from C:\Users\Administrator\Desktop\task\node_modules\bower\package.json
8 verbose installManyTop reading scoped package data from C:\Users\Administrator\Desktop\task\node_modules\gulp\package.json
9 verbose installManyTop reading scoped package data from C:\Users\Administrator\Desktop\task\node_modules\gulp-clean\package.json
10 verbose installManyTop reading scoped package data from C:\Users\Administrator\Desktop\task\node_modules\gulp-concat\package.json
11 verbose installManyTop reading scoped package data from C:\Users\Administrator\Desktop\task\node_modules\gulp-less\package.json
12 verbose installManyTop reading scoped package data from C:\Users\Administrator\Desktop\task\node_modules\gulp-minify-css\package.json
13 verbose installManyTop reading scoped package data from C:\Users\Administrator\Desktop\task\node_modules\gulp-ng-annotate\package.json
14 verbose installManyTop reading scoped package data from C:\Users\Administrator\Desktop\task\node_modules\gulp-ngmin\package.json
15 verbose installManyTop reading scoped package data from C:\Users\Administrator\Desktop\task\node_modules\gulp-open\package.json
16 verbose installManyTop reading scoped package data from C:\Users\Administrator\Desktop\task\node_modules\gulp-sass\package.json
17 verbose installManyTop reading scoped package data from C:\Users\Administrator\Desktop\task\node_modules\gulp-sourcemaps\package.json
18 verbose installManyTop reading scoped package data from C:\Users\Administrator\Desktop\task\node_modules\gulp-strip-debug\package.json
19 verbose installManyTop reading scoped package data from C:\Users\Administrator\Desktop\task\node_modules\gulp-uglify\package.json
20 info package.json gulp-minify-css@1.2.4 No repository field.
21 verbose readDependencies loading dependencies from C:\Users\Administrator\Desktop\task\package.json
22 silly cache add args [ '–save-dev', null ]
23 verbose cache add spec –save-dev
24 silly cache add args [ 'gulp-babel', null ]
25 verbose cache add spec gulp-babel
26 silly cache add parsed spec Result {
26 silly cache add   raw: '–save-dev',
26 silly cache add   scope: null,
26 silly cache add   name: null,
26 silly cache add   rawSpec: '–save-dev',
26 silly cache add   spec: 'C:\\Users\\Administrator\\Desktop\\task\\–save-dev',
26 silly cache add   type: 'local' }
27 silly cache add parsed spec Result {
27 silly cache add   raw: 'gulp-babel',
27 silly cache add   scope: null,
27 silly cache add   name: 'gulp-babel',
27 silly cache add   rawSpec: '',
27 silly cache add   spec: '*',
27 silly cache add   type: 'range' }
28 silly addNamed gulp-babel@*
29 verbose addNamed "*" is a valid semver range for gulp-babel
30 silly addNameRange { name: 'gulp-babel', range: '*', hasData: false }
31 silly mapToRegistry name gulp-babel
32 silly mapToRegistry using default registry
33 silly mapToRegistry registry https://registry.npmjs.org/
34 silly mapToRegistry uri https://registry.npmjs.org/gulp-babel
35 verbose addNameRange registry:https://registry.npmjs.org/gulp-babel not in flight; fetching
36 error addLocal Could not install C:\Users\Administrator\Desktop\task\–save-dev
37 verbose request uri https://registry.npmjs.org/gulp-babel
38 verbose request no auth needed
39 info attempt registry request try #1 at 15:05:01
40 verbose request id 53c37cc7e51e1d88
41 verbose etag "51DWMG5BJZTDEATN3KDEX5KQT"
42 http request GET https://registry.npmjs.org/gulp-babel
43 http 400 https://registry.npmjs.org/gulp-babel
44 verbose headers {}
45 silly get cb [ 304, undefined ]
46 verbose etag https://registry.npmjs.org/gulp-babel from cache
47 verbose get saving gulp-babel to C:\Users\Administrator\AppData\Roaming\npm-cache\registry.npmjs.org\gulp-babel\.cache.json
48 silly addNameRange number 2 { name: 'gulp-babel', range: '*', hasData: true }
49 silly addNameRange versions [ 'gulp-babel',
49 silly addNameRange   [ '4.0.0',
49 silly addNameRange     '4.0.1',
49 silly addNameRange     '5.0.0',
49 silly addNameRange     '5.1.0',
49 silly addNameRange     '5.2.0',
49 silly addNameRange     '5.2.1',
49 silly addNameRange     '5.3.0',
49 silly addNameRange     '6.0.0',
49 silly addNameRange     '6.1.0',
49 silly addNameRange     '6.1.1',
49 silly addNameRange     '6.1.2' ] ]
50 silly addNamed gulp-babel@6.1.2
51 verbose addNamed "6.1.2" is a plain semver version for gulp-babel
52 silly cache afterAdd gulp-babel@6.1.2
53 verbose afterAdd C:\Users\Administrator\AppData\Roaming\npm-cache\gulp-babel\6.1.2\package\package.json not in flight; writing
54 verbose afterAdd C:\Users\Administrator\AppData\Roaming\npm-cache\gulp-babel\6.1.2\package\package.json written
55 verbose stack Error: ENOENT: no such file or directory, open 'C:\Users\Administrator\Desktop\task\–save-dev'
55 verbose stack     at Error (native)
56 verbose cwd C:\Users\Administrator\Desktop\task
57 error Windows_NT 6.1.7601
58 error argv "C:\\Program Files\\nodejs\\node.exe" "C:\\Program Files\\nodejs\\node_modules\\npm\\bin\\npm-cli.js" "install" "–save-dev" "gulp-babel"
59 error node v4.1.1
60 error npm  v2.14.4
61 error path C:\Users\Administrator\Desktop\task\–save-dev
62 error code ENOENT
63 error errno -4058
64 error syscall open
65 error enoent ENOENT: no such file or directory, open 'C:\Users\Administrator\Desktop\task\–save-dev'
65 error enoent This is most likely not a problem with npm itself
65 error enoent and is related to npm not being able to find a file.
66 verbose exit [ -4058, true ]
